D:\vs2019\MSBuild\Microsoft\VC\v160\Microsoft.CppBuild.targets(513,5): warning MSB8028: 中间目录(Debug\)包含从另一个项目(斗楼主服务端.vcxproj)共享的文件。   这会导致错误的清除和重新生成行为。
  s_Game.cpp
D:\2023游戏程序设计\斗楼主\斗楼主服务端\s_player.h(23,2): warning C4091: “typedef ”: 没有声明变量时忽略“PLAYER_KIND”的左侧
D:\2023游戏程序设计\斗楼主\斗楼主服务端\s_Game.h(21,2): warning C4091: “typedef ”: 没有声明变量时忽略“GAME_STATE”的左侧
D:\2023游戏程序设计\斗楼主\斗楼主服务端\s_Game.h(29,2): warning C4091: “typedef ”: 没有声明变量时忽略“clicking_state”的左侧
D:\2023游戏程序设计\斗楼主\斗楼主服务端\s_Game.h(37,2): warning C4091: “typedef ”: 没有声明变量时忽略“response_state”的左侧
D:\2023游戏程序设计\斗楼主\斗楼主服务端\s_Game.cpp(61,12): warning C4244: “参数”: 从“time_t”转换到“unsigned int”，可能丢失数据
D:\2023游戏程序设计\斗楼主\斗楼主服务端\s_Game.cpp(240,20): warning C4018: “<”: 有符号/无符号不匹配
D:\2023游戏程序设计\斗楼主\斗楼主服务端\s_Game.cpp(267,49): warning C4018: “<”: 有符号/无符号不匹配
D:\2023游戏程序设计\斗楼主\斗楼主服务端\s_Game.cpp(288,21): warning C4018: “<”: 有符号/无符号不匹配
D:\2023游戏程序设计\斗楼主\斗楼主服务端\s_Game.cpp(436,16): warning C4101: “initialY”: 未引用的局部变量
D:\2023游戏程序设计\斗楼主\斗楼主服务端\s_Game.cpp(436,6): warning C4101: “initialX”: 未引用的局部变量
D:\2023游戏程序设计\斗楼主\斗楼主服务端\s_Game.cpp(464,21): warning C4018: “<”: 有符号/无符号不匹配
D:\2023游戏程序设计\斗楼主\斗楼主服务端\s_Game.cpp(479,21): warning C4018: “<”: 有符号/无符号不匹配
D:\2023游戏程序设计\斗楼主\斗楼主服务端\s_Game.cpp(484,20): warning C4018: “<”: 有符号/无符号不匹配
D:\2023游戏程序设计\斗楼主\斗楼主服务端\s_Game.cpp(511,76): warning C4244: “参数”: 从“T”转换到“float”，可能丢失数据
          with
          [
              T=int
          ]
D:\2023游戏程序设计\斗楼主\斗楼主服务端\s_Game.cpp(511,53): warning C4244: “参数”: 从“T”转换到“float”，可能丢失数据
          with
          [
              T=int
          ]
D:\2023游戏程序设计\斗楼主\斗楼主服务端\s_Game.cpp(521,76): warning C4244: “参数”: 从“T”转换到“float”，可能丢失数据
          with
          [
              T=int
          ]
D:\2023游戏程序设计\斗楼主\斗楼主服务端\s_Game.cpp(521,53): warning C4244: “参数”: 从“T”转换到“float”，可能丢失数据
          with
          [
              T=int
          ]
D:\2023游戏程序设计\斗楼主\斗楼主服务端\s_Game.cpp(742,22): warning C4018: “<”: 有符号/无符号不匹配
D:\2023游戏程序设计\斗楼主\斗楼主服务端\s_Game.cpp(744,71): warning C4390: “;”: 找到空的受控语句；这是否是有意的?
  斗楼主服务端.vcxproj -> D:\2023游戏程序设计\斗楼主分离的服务端\Debug\斗楼主分离的服务端.exe
